<?xml version="1.0" encoding="UTF-8"?>
<Site BuildName="(empty)"
	BuildStamp="20250601-1423-Experimental"
	Name="(empty)"
	Generator="ctest-3.30.5-msvc23"
	CompilerName=""
	CompilerVersion=""
	OSName="Windows"
	Hostname="DesktopCaspar"
	OSRelease=" Professional"
	OSVersion=" (Build 22631)"
	OSPlatform="AMD64"
	Is64Bits="1"
	VendorString="GenuineIntel"
	VendorID="Intel Corporation"
	FamilyID="6"
	ModelID="14"
	ProcessorCacheSize="-1"
	NumberOfLogicalCPU="8"
	NumberOfPhysicalCPU="4"
	TotalVirtualMemory="32180"
	TotalPhysicalMemory="16308"
	LogicalProcessorsPerPhysical="2"
	ProcessorClockFrequency="4200"
	>
	<Testing>
		<StartDateTime>Jun 01 18:54 Mitteleurop[NON-UTF-8-BYTE-0xE4]ische Sommerzeit</StartDateTime>
		<StartTestTime>1748796890</StartTestTime>
		<TestList/>
		<EndDateTime>Jun 01 18:54 Mitteleurop[NON-UTF-8-BYTE-0xE4]ische Sommerzeit</EndDateTime>
		<EndTestTime>1748796890</EndTestTime>
		<ElapsedMinutes>0</ElapsedMinutes>
	</Testing>
</Site>
